<?xml version="1.0" encoding="UTF-8"?>
<!-- Generated by org.testng.reporters.JUnitReportReporter -->
<testsuite skipped="0" hostname="buli" name="com.trustkernel.kpp.api.testcase.MultiThreadOnXmlTest" tests="3" failures="0" timestamp="25 九月 2020 03:14:04 GMT" time="0.000" errors="0">
  <testcase name="test2" time="0.000" classname="com.trustkernel.kpp.api.testcase.MultiThreadOnXmlTest"/>
  <testcase name="test3" time="0.000" classname="com.trustkernel.kpp.api.testcase.MultiThreadOnXmlTest"/>
  <testcase name="test1" time="0.000" classname="com.trustkernel.kpp.api.testcase.MultiThreadOnXmlTest"/>
</testsuite> <!-- com.trustkernel.kpp.api.testcase.MultiThreadOnXmlTest -->
