<?xml version="1.0" encoding="UTF-8"?>
<!-- Generated by org.testng.reporters.JUnitReportReporter -->
<testsuite skipped="0" hostname="buli" name="com.trustkernel.kpp.api.testcase.AnnotationsTest" tests="2" failures="0" timestamp="29 十月 2020 03:31:12 GMT" time="0.000" errors="0">
  <testcase name="login" time="0.000" classname="com.trustkernel.kpp.api.testcase.AnnotationsTest"/>
  <testcase name="exit" time="0.000" classname="com.trustkernel.kpp.api.testcase.AnnotationsTest"/>
</testsuite> <!-- com.trustkernel.kpp.api.testcase.AnnotationsTest -->
