<?xml version="1.0" encoding="UTF-8"?>
<!-- Generated by org.testng.reporters.JUnitReportReporter -->
<testsuite skipped="0" hostname="buli" name="com.trustkernel.kpp.api.testcase.groups.GroupsOnClassTest1" tests="2" failures="0" timestamp="27 九月 2020 10:18:26 GMT" time="0.000" errors="0">
  <testcase name="max2" time="0.000" classname="com.trustkernel.kpp.api.testcase.groups.GroupsOnClassTest1"/>
  <testcase name="max1" time="0.000" classname="com.trustkernel.kpp.api.testcase.groups.GroupsOnClassTest1"/>
</testsuite> <!-- com.trustkernel.kpp.api.testcase.groups.GroupsOnClassTest1 -->
