<?xml version="1.0" encoding="UTF-8"?>
<!-- Generated by org.testng.reporters.JUnitReportReporter -->
<testsuite skipped="0" hostname="buli" name="com.trustkernel.kpp.api.testcase.TestNGSimpleTest" tests="1" failures="0" timestamp="27 九月 2020 08:26:54 GMT" time="0.046" errors="0">
  <testcase name="selectData" time="0.046" classname="com.trustkernel.kpp.api.testcase.TestNGSimpleTest"/>
</testsuite> <!-- com.trustkernel.kpp.api.testcase.TestNGSimpleTest -->
