<?xml version="1.0" encoding="UTF-8"?>
<!-- Generated by org.testng.reporters.JUnitReportReporter -->
<testsuite skipped="1" hostname="buli" name="com.trustkernel.kpp.api.testcase.IgnoreTest" tests="3" failures="0" timestamp="25 九月 2020 03:14:04 GMT" time="0.000" errors="0">
  <testcase name="ignore3" time="0.000" classname="com.trustkernel.kpp.api.testcase.IgnoreTest"/>
  <testcase name="ignore2" time="0.000" classname="com.trustkernel.kpp.api.testcase.IgnoreTest"/>
  <testcase name="ignore1" classname="com.trustkernel.kpp.api.testcase.IgnoreTest">
    <skipped/>
  </testcase> <!-- ignore1 -->
</testsuite> <!-- com.trustkernel.kpp.api.testcase.IgnoreTest -->
