<?xml version="1.0" encoding="UTF-8"?>
<!-- Generated by org.testng.reporters.JUnitReportReporter -->
<testsuite skipped="0" hostname="buli" name="com.trustkernel.kpp.api.testcase.groups.GroupsOnMethodTest" tests="3" failures="0" timestamp="27 九月 2020 10:18:26 GMT" time="0.015" errors="0">
  <testcase name="clientTest2" time="0.000" classname="com.trustkernel.kpp.api.testcase.groups.GroupsOnMethodTest"/>
  <testcase name="serverClientTest" time="0.000" classname="com.trustkernel.kpp.api.testcase.groups.GroupsOnMethodTest"/>
  <testcase name="clientTest1" time="0.015" classname="com.trustkernel.kpp.api.testcase.groups.GroupsOnMethodTest"/>
</testsuite> <!-- com.trustkernel.kpp.api.testcase.groups.GroupsOnMethodTest -->
