<?xml version="1.0" encoding="UTF-8"?>
<!-- Generated by org.testng.reporters.JUnitReportReporter -->
<testsuite skipped="0" hostname="buli" name="com.trustkernel.kpp.api.testcase.TsetNGSimpleTest" tests="1" failures="0" timestamp="25 九月 2020 08:24:13 GMT" time="0.012" errors="0">
  <testcase name="test" time="0.012" classname="com.trustkernel.kpp.api.testcase.TsetNGSimpleTest"/>
</testsuite> <!-- com.trustkernel.kpp.api.testcase.TsetNGSimpleTest -->
